#
# There is insufficient memory for the Java Runtime Environment to continue.
# Native memory allocation (mmap) failed to map 268435456 bytes for Failed to commit area from 0x0000000700a00000 to 0x0000000710a00000 of length 268435456.
# Possible reasons:
#   The system is out of physical RAM or swap space
#   The process is running with CompressedOops enabled, and the Java Heap may be blocking the growth of the native heap
# Possible solutions:
#   Reduce memory load on the system
#   Increase physical memory or swap space
#   Check if swap backing store is full
#   Decrease Java heap size (-Xmx/-Xms)
#   Decrease number of Java threads
#   Decrease Java thread stack sizes (-Xss)
#   Set larger code cache with -XX:ReservedCodeCacheSize=
# This output file may be truncated or incomplete.
#
#  Out of Memory Error (./src/hotspot/os/windows/os_windows.cpp:3303), pid=23240, tid=7628
#
# JRE version:  (11.0.9+11) (build )
# Java VM: OpenJDK 64-Bit Server VM (11.0.9+11, mixed mode, sharing, tiered, compressed oops, g1 gc, windows-amd64)
# No core dump will be written. Minidumps are not enabled by default on client versions of Windows
#

---------------  S U M M A R Y ------------

Command Line: -javaagent:C:\Program Files\JetBrains\IntelliJ IDEA Community Edition 2020.2.3\lib\idea_rt.jar=50739:C:\Program Files\JetBrains\IntelliJ IDEA Community Edition 2020.2.3\bin -Dfile.encoding=UTF-8 myjava.exercises.Main

Host: Intel(R) Core(TM) i7-7700HQ CPU @ 2.80GHz, 8 cores, 15G,  Windows 10 , 64 bit Build 19041 (10.0.19041.928)
Time: Mon May 24 11:53:31 2021 Romance Summer Time elapsed time: 0.028806 seconds (0d 0h 0m 0s)

---------------  T H R E A D  ---------------

Current thread (0x0000026ae3fbc800):  JavaThread "Unknown thread" [_thread_in_vm, id=7628, stack(0x0000009cc0f00000,0x0000009cc1000000)]

Stack: [0x0000009cc0f00000,0x0000009cc1000000]
Native frames: (J=compiled Java code, j=interpreted, Vv=VM code, C=native code)
V  [jvm.dll+0x5f465a]
V  [jvm.dll+0x77c78e]
V  [jvm.dll+0x77de5f]
V  [jvm.dll+0x77e523]
V  [jvm.dll+0x2477c8]
V  [jvm.dll+0x5f18ba]
V  [jvm.dll+0x5e6505]
V  [jvm.dll+0x2fca8c]
V  [jvm.dll+0x2fc912]
V  [jvm.dll+0x3015c6]
V  [jvm.dll+0x345e3f]
V  [jvm.dll+0x345870]
V  [jvm.dll+0x2d9ce8]
V  [jvm.dll+0x2dae36]
V  [jvm.dll+0x758137]
V  [jvm.dll+0x7598bf]
V  [jvm.dll+0x352c39]
V  [jvm.dll+0x73b3c0]
V  [jvm.dll+0x3ba30f]
V  [jvm.dll+0x3bc7b1]
C  [jli.dll+0x520b]
C  [ucrtbase.dll+0x21bb2]
C  [KERNEL32.DLL+0x17034]
C  [ntdll.dll+0x52651]


---------------  P R O C E S S  ---------------

Threads class SMR info:
_java_thread_list=0x0000026ae1e98430, length=0, elements={
}

Java Threads: ( => current thread )

Other Threads:
  0x0000026ae3fd5800 GCTaskThread "GC Thread#0" [stack: 0x0000009cc1000000,0x0000009cc1100000] [id=21984]
  0x0000026ae4035800 ConcurrentGCThread "G1 Main Marker" [stack: 0x0000009cc1100000,0x0000009cc1200000] [id=23000]
  0x0000026ae4037000 ConcurrentGCThread "G1 Conc#0" [stack: 0x0000009cc1200000,0x0000009cc1300000] [id=4696]

[error occurred during error reporting (printing all threads), id 0xc0000005, EXCEPTION_ACCESS_VIOLATION (0xc0000005) at pc=0x00007fff3a379367]

VM state:not at safepoint (not fully initialized)

VM Mutex/Monitor currently owned by a thread:  ([mutex/lock_event])
[0x0000026ae3fb7a20] Heap_lock - owner thread: 0x0000026ae3fbc800

Heap address: 0x0000000700a00000, size: 4086 MB, Compressed Oops mode: Non-zero based: 0x0000000700a00000
Narrow klass base: 0x0000000000000000, Narrow klass shift: 0

GC Heap History (0 events):
No events

Deoptimization events (0 events):
No events

Classes redefined (0 events):
No events

Internal exceptions (0 events):
No events

Events (1 events):
Event: 0.018 Loaded shared library C:\Program Files\AdoptOpenJDK\jdk-11.0.9.11-hotspot\bin\zip.dll


Dynamic libraries:
0x00007ff650a50000 - 0x00007ff650a5d000 	C:\Program Files\AdoptOpenJDK\jdk-11.0.9.11-hotspot\bin\java.exe
0x00007fff737d0000 - 0x00007fff739c5000 	C:\WINDOWS\SYSTEM32\ntdll.dll
0x00007fff71900000 - 0x00007fff719bd000 	C:\WINDOWS\System32\KERNEL32.DLL
0x00007fff71030000 - 0x00007fff712f8000 	C:\WINDOWS\System32\KERNELBASE.dll
0x00007fff6e870000 - 0x00007fff6e900000 	C:\WINDOWS\SYSTEM32\apphelp.dll
0x00007fff71490000 - 0x00007fff71590000 	C:\WINDOWS\System32\ucrtbase.dll
0x00007fff6bcf0000 - 0x00007fff6bd05000 	C:\Program Files\AdoptOpenJDK\jdk-11.0.9.11-hotspot\bin\VCRUNTIME140.dll
0x00007fff68e20000 - 0x00007fff68e37000 	C:\Program Files\AdoptOpenJDK\jdk-11.0.9.11-hotspot\bin\jli.dll
0x00007fff719c0000 - 0x00007fff71b60000 	C:\WINDOWS\System32\USER32.dll
0x00007fff5c910000 - 0x00007fff5cbaa000 	C:\WINDOWS\WinSxS\amd64_microsoft.windows.common-controls_6595b64144ccf1df_6.0.19041.844_none_ca00b6081b84eb1d\COMCTL32.dll
0x00007fff71590000 - 0x00007fff715b2000 	C:\WINDOWS\System32\win32u.dll
0x00007fff73100000 - 0x00007fff7319e000 	C:\WINDOWS\System32\msvcrt.dll
0x00007fff71830000 - 0x00007fff7185a000 	C:\WINDOWS\System32\GDI32.dll
0x00007fff71720000 - 0x00007fff7182b000 	C:\WINDOWS\System32\gdi32full.dll
0x00007fff70f90000 - 0x00007fff7102d000 	C:\WINDOWS\System32\msvcp_win.dll
0x00007fff72490000 - 0x00007fff724c0000 	C:\WINDOWS\System32\IMM32.DLL
0x00007fff68050000 - 0x00007fff680eb000 	C:\Program Files\AdoptOpenJDK\jdk-11.0.9.11-hotspot\bin\msvcp140.dll
0x00007fff3a090000 - 0x00007fff3abd3000 	C:\Program Files\AdoptOpenJDK\jdk-11.0.9.11-hotspot\bin\server\jvm.dll
0x00007fff720b0000 - 0x00007fff7215c000 	C:\WINDOWS\System32\ADVAPI32.dll
0x00007fff71860000 - 0x00007fff718fb000 	C:\WINDOWS\System32\sechost.dll
0x00007fff72ef0000 - 0x00007fff7301b000 	C:\WINDOWS\System32\RPCRT4.dll
0x00007fff730f0000 - 0x00007fff730f8000 	C:\WINDOWS\System32\PSAPI.DLL
0x00007fff6cc10000 - 0x00007fff6cc19000 	C:\WINDOWS\SYSTEM32\WSOCK32.dll
0x00007fff68990000 - 0x00007fff6899a000 	C:\WINDOWS\SYSTEM32\VERSION.dll
0x00007fff5f4b0000 - 0x00007fff5f4d7000 	C:\WINDOWS\SYSTEM32\WINMM.dll
0x00007fff73080000 - 0x00007fff730eb000 	C:\WINDOWS\System32\WS2_32.dll
0x00007fff6ee30000 - 0x00007fff6ee42000 	C:\WINDOWS\SYSTEM32\kernel.appcore.dll
0x00007fff6cc80000 - 0x00007fff6cc90000 	C:\Program Files\AdoptOpenJDK\jdk-11.0.9.11-hotspot\bin\verify.dll
0x00007fff56a40000 - 0x00007fff56c24000 	C:\WINDOWS\SYSTEM32\DBGHELP.DLL
0x00007fff561d0000 - 0x00007fff561fc000 	C:\WINDOWS\SYSTEM32\dbgcore.DLL
0x00007fff70f10000 - 0x00007fff70f90000 	C:\WINDOWS\System32\bcryptPrimitives.dll
0x00007fff68360000 - 0x00007fff68388000 	C:\Program Files\AdoptOpenJDK\jdk-11.0.9.11-hotspot\bin\java.dll
0x00007fff6b150000 - 0x00007fff6b15a000 	C:\Program Files\AdoptOpenJDK\jdk-11.0.9.11-hotspot\bin\jimage.dll
0x00007fff69ed0000 - 0x00007fff69ede000 	C:\Program Files\AdoptOpenJDK\jdk-11.0.9.11-hotspot\bin\instrument.dll
0x00007fff68240000 - 0x00007fff68257000 	C:\Program Files\AdoptOpenJDK\jdk-11.0.9.11-hotspot\bin\zip.dll

dbghelp: loaded successfully - version: 4.0.5 - missing functions: none
symbol engine: initialized successfully - sym options: 0x614 - pdb path: .;C:\Program Files\AdoptOpenJDK\jdk-11.0.9.11-hotspot\bin;C:\WINDOWS\SYSTEM32;C:\WINDOWS\WinSxS\amd64_microsoft.windows.common-controls_6595b64144ccf1df_6.0.19041.844_none_ca00b6081b84eb1d;C:\Program Files\AdoptOpenJDK\jdk-11.0.9.11-hotspot\bin\server

VM Arguments:
jvm_args: -javaagent:C:\Program Files\JetBrains\IntelliJ IDEA Community Edition 2020.2.3\lib\idea_rt.jar=50739:C:\Program Files\JetBrains\IntelliJ IDEA Community Edition 2020.2.3\bin -Dfile.encoding=UTF-8 
java_command: myjava.exercises.Main
java_class_path (initial): C:\Users\Kim Newton\Documents\Java\Shared_Digit\out\production\Shared_Digit
Launcher Type: SUN_STANDARD

[Global flags]
     intx CICompilerCount                          = 4                                         {product} {ergonomic}
     uint ConcGCThreads                            = 2                                         {product} {ergonomic}
     uint G1ConcRefinementThreads                  = 8                                         {product} {ergonomic}
   size_t G1HeapRegionSize                         = 1048576                                   {product} {ergonomic}
    uintx GCDrainStackTargetSize                   = 64                                        {product} {ergonomic}
   size_t InitialHeapSize                          = 268435456                                 {product} {ergonomic}
   size_t MarkStackSize                            = 4194304                                   {product} {ergonomic}
   size_t MaxHeapSize                              = 4284481536                                {product} {ergonomic}
   size_t MinHeapDeltaBytes                        = 1048576                                   {product} {ergonomic}
    uintx NonNMethodCodeHeapSize                   = 5836300                                {pd product} {ergonomic}
    uintx NonProfiledCodeHeapSize                  = 122910970                              {pd product} {ergonomic}
    uintx ProfiledCodeHeapSize                     = 122910970                              {pd product} {ergonomic}
    uintx ReservedCodeCacheSize                    = 251658240                              {pd product} {ergonomic}
     bool SegmentedCodeCache                       = true                                      {product} {ergonomic}
     bool UseCompressedClassPointers               = true                                 {lp64_product} {ergonomic}
     bool UseCompressedOops                        = true                                 {lp64_product} {ergonomic}
     bool UseG1GC                                  = true                                      {product} {ergonomic}
     bool UseLargePagesIndividualAllocation        = false                                  {pd product} {ergonomic}

Logging:
Log output configuration:
 #0: stdout all=warning uptime,level,tags
 #1: stderr all=off uptime,level,tags

Environment Variables:
JAVA_HOME=C:\Program Files\Amazon Corretto\jdk15.0.1_9
PATH=C:\Program Files\Amazon Corretto\jdk15.0.1_9\bin;C:\Program Files\AdoptOpenJDK\jdk-11.0.9.11-hotspot\bin;C:\Program Files\Common Files\Oracle\Java\javapath;C:\Program Files (x86)\Common Files\Oracle\Java\javapath;C:\Program Files (x86)\Intel\iCLS Client\;C:\Program Files\Intel\iCLS Client\;C:\Windows\system32;C:\Windows;C:\Windows\System32\Wbem;C:\Windows\System32\WindowsPowerShell\v1.0\;C:\Program Files (x86)\NVIDIA Corporation\PhysX\Common;C:\Program Files (x86)\Intel\Intel(R) Management Engine Components\DAL;C:\Program Files\Intel\Intel(R) Management Engine Components\DAL;C:\Program Files (x86)\Intel\Intel(R) Management Engine Components\IPT;C:\Program Files\Intel\Intel(R) Management Engine Components\IPT;C:\Program Files\Intel\WiFi\bin\;C:\Program Files\Common Files\Intel\WirelessCommon\;C:\WINDOWS\system32;C:\WINDOWS;C:\WINDOWS\System32\Wbem;C:\WINDOWS\System32\WindowsPowerShell\v1.0\;C:\WINDOWS\System32\OpenSSH\;C:\Program Files\dotnet\;C:\Program Files\Microsoft SQL Server\130\Tools\Binn\;C:\Program Files\Microsoft SQL Server\Client SDK\ODBC\170\Tools\Binn\;C:\Program Files (x86)\dotnet\;C:\Program Files\NVIDIA Corporation\NVIDIA NvDLISR;C:\WINDOWS\system32;C:\WINDOWS;C:\WINDOWS\System32\Wbem;C:\WINDOWS\System32\WindowsPowerShell\v1.0\;C:\WINDOWS\System32\OpenSSH\;C:\Program Files\SourceGear\Common\DiffMerge\;C:\Program Files\PowerShell\7\;C:\Program Files\Git\cmd;C:\Kim\anaconda3;C:\Kim\anaconda3\Library\mingw-w64\bin;C:\Kim\anaconda3\Library\usr\bin;C:\Kim\anaconda3\Library\bin;C:\Kim\anaconda3\Scripts;C:\Program Files\MySQL\MySQL Shell 8.0\bin\;C:\Users\Kim Newton\AppData\Local\Programs\Microsoft VS Code\bin;C:\Users\Kim Newton\AppData\Local\Microsoft\WindowsApps;C:\Program Files\JetBrains\IntelliJ IDEA Community Edition 2020.2.3\bin;C:\Users\Kim Newton\AppData\Local\gitkraken\bin
USERNAME=Kim Newton
OS=Windows_NT
PROCESSOR_IDENTIFIER=Intel64 Family 6 Model 158 Stepping 9, GenuineIntel



---------------  S Y S T E M  ---------------

OS: Windows 10 , 64 bit Build 19041 (10.0.19041.928)
OS uptime: 21 days 14:33 hours

CPU:total 8 (initial active 8) (4 cores per cpu, 2 threads per core) family 6 model 158 stepping 9, cmov, cx8, fxsr, mmx, sse, sse2, sse3, ssse3, sse4.1, sse4.2, popcnt, avx, avx2, aes, clmul, erms, 3dnowpref, lzcnt, ht, tsc, tscinvbit, bmi1, bmi2, adx, fma

Memory: 4k page, system-wide physical 16339M (4288M free)
TotalPageFile size 46730M (AvailPageFile size 221M)
current process WorkingSet (physical memory assigned to process): 10M, peak: 10M
current process commit charge ("private bytes"): 60M, peak: 316M

vm_info: OpenJDK 64-Bit Server VM (11.0.9+11) for windows-amd64 JRE (11.0.9+11), built on Oct 24 2020 15:15:35 by "" with MS VC++ 15.9 (VS2017)

END.
